<?xml version="1.0" encoding="UTF-8"?>
<testsuite xmlns:xsi="http://www.w3.org/2001/XMLSchema-instance" xsi:noNamespaceSchemaLocation="https://maven.apache.org/surefire/maven-surefire-plugin/xsd/surefire-test-report.xsd" version="3.0.2" name="com.medilabo.auth.controller.HomeControllerTest" time="0.322" tests="5" errors="0" skipped="0" failures="0">
  <properties>
[...]
</properties>
  <testcase name="whenNotAuthenticated_thenRedirectToLogin" classname="com.medilabo.auth.controller.HomeControllerTest" time="0.008">
    <system-out><![CDATA[2025-09-06T08:37:59.171+02:00  INFO 13332 --- [auth-service] [           main] t.c.s.AnnotationConfigContextLoaderUtils : Could not detect default configuration classes for test class [com.medilabo.auth.controller.HomeControllerTest]: HomeControllerTest does not declare any static, non-private, non-final, nested classes annotated with @Configuration.
2025-09-06T08:37:59.181+02:00  INFO 13332 --- [auth-service] [           main] .b.t.c.SpringBootTestContextBootstrapper : Found @SpringBootConfiguration com.medilabo.auth.AuthServiceApplication for test class com.medilabo.auth.controller.HomeControllerTest
2025-09-06T08:37:59.186+02:00  INFO 13332 --- [auth-service] [           main] o.s.b.d.r.RestartApplicationListener     : Restart disabled due to context in which it is running

  .   ____          _            __ _ _
 /\\ / ___'_ __ _ _(_)_ __  __ _ \ \ \ \
( ( )\___ | '_ | '_| | '_ \/ _` | \ \ \ \
 \\/  ___)| |_)| | | | | || (_| |  ) ) ) )
  '  |____| .__|_| |_|_| |_\__, | / / / /
 =========|_|==============|___/=/_/_/_/

 :: Spring Boot ::                (v3.5.3)

2025-09-06T08:37:59.214+02:00  INFO 13332 --- [auth-service] [           main] c.m.auth.controller.HomeControllerTest   : Starting HomeControllerTest using Java 23.0.2 with PID 13332 (started by Admin in D:\Formation OpenClassrooms\projet 9\projet-root\auth-service)
2025-09-06T08:37:59.214+02:00  INFO 13332 --- [auth-service] [           main] c.m.auth.controller.HomeControllerTest   : No active profile set, falling back to 1 default profile: "default"
2025-09-06T08:37:59.376+02:00  WARN 13332 --- [auth-service] [           main] .s.s.UserDetailsServiceAutoConfiguration : 

Using generated security password: d6d1be42-58ba-4471-8bde-d3adc510b412

This generated password is for development use only. Your security configuration must be updated before running your application in production.

2025-09-06T08:37:59.376+02:00  INFO 13332 --- [auth-service] [           main] r$InitializeUserDetailsManagerConfigurer : Global AuthenticationManager configured with UserDetailsService bean with name inMemoryUserDetailsManager
2025-09-06T08:37:59.426+02:00  INFO 13332 --- [auth-service] [           main] o.s.v.b.OptionalValidatorFactoryBean     : Failed to set up a Bean Validation provider: jakarta.validation.NoProviderFoundException: Unable to create a Configuration, because no Jakarta Bean Validation provider could be found. Add a provider like Hibernate Validator (RI) to your classpath.
2025-09-06T08:37:59.449+02:00  INFO 13332 --- [auth-service] [           main] o.s.b.t.m.w.SpringBootMockServletContext : Initializing Spring TestDispatcherServlet ''
2025-09-06T08:37:59.449+02:00  INFO 13332 --- [auth-service] [           main] o.s.t.web.servlet.TestDispatcherServlet  : Initializing Servlet ''
2025-09-06T08:37:59.450+02:00  INFO 13332 --- [auth-service] [           main] o.s.t.web.servlet.TestDispatcherServlet  : Completed initialization in 1 ms
2025-09-06T08:37:59.455+02:00  INFO 13332 --- [auth-service] [           main] c.m.auth.controller.HomeControllerTest   : Started HomeControllerTest in 0.269 seconds (process running for 11.041)
]]></system-out>
  </testcase>
  <testcase name="whenAuthenticated_thenRedirectToPatients" classname="com.medilabo.auth.controller.HomeControllerTest" time="0.008"/>
  <testcase name="testAccessProtectedPageWithRole_shouldSucceed" classname="com.medilabo.auth.controller.HomeControllerTest" time="0.006"/>
  <testcase name="whenNotAuthenticated_thenAccessToPatientsShouldRedirectToLogin" classname="com.medilabo.auth.controller.HomeControllerTest" time="0.005"/>
  <testcase name="testHomeWithoutAuthentication_shouldRedirectToLogin" classname="com.medilabo.auth.controller.HomeControllerTest" time="0.005"/>
</testsuite>