<?xml version="1.0" encoding="UTF-8"?>
<testsuite xmlns:xsi="http://www.w3.org/2001/XMLSchema-instance" xsi:noNamespaceSchemaLocation="https://maven.apache.org/surefire/maven-surefire-plugin/xsd/surefire-test-report-3.0.xsd" version="3.0" name="com.medilabo.gatewayservice.security.CookieToAuthHeaderFilterTest" time="0.032" tests="4" errors="0" skipped="0" failures="0">
  <properties>
[...]
</properties>
  <testcase name="whenCookieIsBlank_thenFilterDoesNothing" classname="com.medilabo.gatewayservice.security.CookieToAuthHeaderFilterTest" time="0.022"/>
  <testcase name="whenCookieWithToken_thenFilterAddsAuthorizationHeader" classname="com.medilabo.gatewayservice.security.CookieToAuthHeaderFilterTest" time="0.005"/>
  <testcase name="whenAuthorizationHeaderAlreadyPresent_thenFilterDoesNotOverrideIt" classname="com.medilabo.gatewayservice.security.CookieToAuthHeaderFilterTest" time="0.002"/>
  <testcase name="whenNoCookie_thenFilterDoesNothing" classname="com.medilabo.gatewayservice.security.CookieToAuthHeaderFilterTest" time="0.002"/>
</testsuite>