<?xml version="1.0" encoding="UTF-8"?>
<testsuite xmlns:xsi="http://www.w3.org/2001/XMLSchema-instance" xsi:noNamespaceSchemaLocation="https://maven.apache.org/surefire/maven-surefire-plugin/xsd/surefire-test-report.xsd" version="3.0.2" name="com.medilabo.patientservice.controller.PatientControllerTest" time="4.48" tests="6" errors="0" skipped="0" failures="0">
  <properties>
[...]
</properties>
  <testcase name="shouldUpdatePatientAndRedirectToUi" classname="com.medilabo.patientservice.controller.PatientControllerTest" time="0.204">
    <system-out><![CDATA[13:22:22.977 [main] INFO org.springframework.test.context.support.AnnotationConfigContextLoaderUtils -- Could not detect default configuration classes for test class [com.medilabo.patientservice.controller.PatientControllerTest]: PatientControllerTest does not declare any static, non-private, non-final, nested classes annotated with @Configuration.
13:22:23.220 [main] INFO org.springframework.boot.test.context.SpringBootTestContextBootstrapper -- Found @SpringBootConfiguration com.medilabo.patientservice.PatientServiceApplication for test class com.medilabo.patientservice.controller.PatientControllerTest
13:22:23.381 [main] INFO org.springframework.boot.devtools.restart.RestartApplicationListener -- Restart disabled due to context in which it is running

  .   ____          _            __ _ _
 /\\ / ___'_ __ _ _(_)_ __  __ _ \ \ \ \
( ( )\___ | '_ | '_| | '_ \/ _` | \ \ \ \
 \\/  ___)| |_)| | | | | || (_| |  ) ) ) )
  '  |____| .__|_| |_|_| |_\__, | / / / /
 =========|_|==============|___/=/_/_/_/

 :: Spring Boot ::                (v3.4.5)

2025-09-05T13:22:24.058+02:00  INFO 13396 --- [patient-service] [           main] c.m.p.controller.PatientControllerTest   : Starting PatientControllerTest using Java 22 with PID 13396 (started by Admin in D:\Formation OpenClassrooms\projet 9\projet-root\patient-service)
2025-09-05T13:22:24.060+02:00  INFO 13396 --- [patient-service] [           main] c.m.p.controller.PatientControllerTest   : No active profile set, falling back to 1 default profile: "default"
2025-09-05T13:22:26.535+02:00  WARN 13396 --- [patient-service] [           main] .s.s.UserDetailsServiceAutoConfiguration : 

Using generated security password: 879d29ba-dcd0-4f5d-9170-63f0691aea63

This generated password is for development use only. Your security configuration must be updated before running your application in production.

2025-09-05T13:22:26.569+02:00  INFO 13396 --- [patient-service] [           main] r$InitializeUserDetailsManagerConfigurer : Global AuthenticationManager configured with UserDetailsService bean with name inMemoryUserDetailsManager
2025-09-05T13:22:26.845+02:00  INFO 13396 --- [patient-service] [           main] o.s.b.t.m.w.SpringBootMockServletContext : Initializing Spring TestDispatcherServlet ''
2025-09-05T13:22:26.846+02:00  INFO 13396 --- [patient-service] [           main] o.s.t.web.servlet.TestDispatcherServlet  : Initializing Servlet ''
2025-09-05T13:22:26.848+02:00  INFO 13396 --- [patient-service] [           main] o.s.t.web.servlet.TestDispatcherServlet  : Completed initialization in 2 ms
2025-09-05T13:22:26.886+02:00  INFO 13396 --- [patient-service] [           main] c.m.p.controller.PatientControllerTest   : Started PatientControllerTest in 3.527 seconds (process running for 5.074)
]]></system-out>
    <system-err><![CDATA[Mockito is currently self-attaching to enable the inline-mock-maker. This will no longer work in future releases of the JDK. Please add Mockito as an agent to your build what is described in Mockito's documentation: https://javadoc.io/doc/org.mockito/mockito-core/latest/org/mockito/Mockito.html#0.3
WARNING: A Java agent has been loaded dynamically (C:\Users\Admin\.m2\repository\net\bytebuddy\byte-buddy-agent\1.15.11\byte-buddy-agent-1.15.11.jar)
WARNING: If a serviceability tool is in use, please run with -XX:+EnableDynamicAgentLoading to hide this warning
WARNING: If a serviceability tool is not in use, please run with -Djdk.instrument.traceUsage for more information
WARNING: Dynamic loading of agents will be disallowed by default in a future release
]]></system-err>
  </testcase>
  <testcase name="shouldRedirectAddFormToUi" classname="com.medilabo.patientservice.controller.PatientControllerTest" time="0.007"/>
  <testcase name="shouldSavePatientAndRedirectToUi" classname="com.medilabo.patientservice.controller.PatientControllerTest" time="0.008"/>
  <testcase name="shouldRedirectEditFormToUi_whenPatientExists" classname="com.medilabo.patientservice.controller.PatientControllerTest" time="0.076"/>
  <testcase name="shouldRedirectListToUi" classname="com.medilabo.patientservice.controller.PatientControllerTest" time="0.006"/>
  <testcase name="shouldDeletePatientAndRedirectToUi" classname="com.medilabo.patientservice.controller.PatientControllerTest" time="0.008"/>
</testsuite>